yarn run v1.16.0
$ react-native run-ios
info Found Xcode workspace "ReactNativeOne.xcworkspace"
info Building (using "xcodebuild -workspace ReactNativeOne.xcworkspace -configuration Debug -scheme ReactNativeOne -destination id=6722F6AF-0462-4B19-B68F-263EB5960F9B -derivedDataPath build/ReactNativeOne")
.......................................................................................
User defaults from command line:
    IDEDerivedDataPathOverride = /Users/utkarsh/Desktop/headout/ReactNativeOne/packages/mobile/ios/build/ReactNativeOne

note: Using new build system
note: Planning build
note: Constructing build description
error: /Users/utkarsh/Desktop/headout/ReactNativeOne/ios/Pods/Target Support Files/React-RCTVibration/React-RCTVibration.xcconfig: unable to open file (in target "React-RCTVibration" in project "Pods") (in target 'React-RCTVibration' from project 'Pods')
error: /Users/utkarsh/Desktop/headout/ReactNativeOne/ios/Pods/Target Support Files/React-RCTVibration/React-RCTVibration.xcconfig: unable to open file (in target "React-RCTVibration" in project "Pods") (in target 'React-RCTVibration' from project 'Pods')
error: /Users/utkarsh/Desktop/headout/ReactNativeOne/ios/Pods/Target Support Files/React-RCTVibration/React-RCTVibration.xcconfig: unable to open file (in target "React-RCTVibration" in project "Pods") (in target 'React-RCTVibration' from project 'Pods')
error: /Users/utkarsh/Desktop/headout/ReactNativeOne/ios/Pods/Target Support Files/React-RCTVibration/React-RCTVibration.xcconfig: unable to open file (in target "React-RCTVibration" in project "Pods") (in target 'React-RCTVibration' from project 'Pods')
error: /Users/utkarsh/Desktop/headout/ReactNativeOne/ios/Pods/Target Support Files/FBReactNativeSpec/FBReactNativeSpec.xcconfig: unable to open file (in target "FBReactNativeSpec" in project "Pods") (in target 'FBReactNativeSpec' from project 'Pods')
error: /Users/utkarsh/Desktop/headout/ReactNativeOne/ios/Pods/Target Support Files/FBReactNativeSpec/FBReactNativeSpec.xcconfig: unable to open file (in target "FBReactNativeSpec" in project "Pods") (in target 'FBReactNativeSpec' from project 'Pods')
error: /Users/utkarsh/Desktop/headout/ReactNativeOne/ios/Pods/Target Support Files/FBReactNativeSpec/FBReactNativeSpec.xcconfig: unable to open file (in target "FBReactNativeSpec" in project "Pods") (in target 'FBReactNativeSpec' from project 'Pods')
error: /Users/utkarsh/Desktop/headout/ReactNativeOne/ios/Pods/Target Support Files/FBReactNativeSpec/FBReactNativeSpec.xcconfig: unable to open file (in target "FBReactNativeSpec" in project "Pods") (in target 'FBReactNativeSpec' from project 'Pods')
error: /Users/utkarsh/Desktop/headout/ReactNativeOne/ios/Pods/Target Support Files/RCTTypeSafety/RCTTypeSafety.xcconfig: unable to open file (in target "RCTTypeSafety" in project "Pods") (in target 'RCTTypeSafety' from project 'Pods')
error: /Users/utkarsh/Desktop/headout/ReactNativeOne/ios/Pods/Target Support Files/RCTTypeSafety/RCTTypeSafety.xcconfig: unable to open file (in target "RCTTypeSafety" in project "Pods") (in target 'RCTTypeSafety' from project 'Pods')
error: /Users/utkarsh/Desktop/headout/ReactNativeOne/ios/Pods/Target Support Files/RCTTypeSafety/RCTTypeSafety.xcconfig: unable to open file (in target "RCTTypeSafety" in project "Pods") (in target 'RCTTypeSafety' from project 'Pods')
error: /Users/utkarsh/Desktop/headout/ReactNativeOne/ios/Pods/Target Support Files/RCTTypeSafety/RCTTypeSafety.xcconfig: unable to open file (in target "RCTTypeSafety" in project "Pods") (in target 'RCTTypeSafety' from project 'Pods')
error: /Users/utkarsh/Desktop/headout/ReactNativeOne/ios/Pods/Target Support Files/FBLazyVector/FBLazyVector.xcconfig: unable to open file (in target "FBLazyVector" in project "Pods") (in target 'FBLazyVector' from project 'Pods')
error: /Users/utkarsh/Desktop/headout/ReactNativeOne/ios/Pods/Target Support Files/FBLazyVector/FBLazyVector.xcconfig: unable to open file (in target "FBLazyVector" in project "Pods") (in target 'FBLazyVector' from project 'Pods')
error: /Users/utkarsh/Desktop/headout/ReactNativeOne/ios/Pods/Target Support Files/FBLazyVector/FBLazyVector.xcconfig: unable to open file (in target "FBLazyVector" in project "Pods") (in target 'FBLazyVector' from project 'Pods')
error: /Users/utkarsh/Desktop/headout/ReactNativeOne/ios/Pods/Target Support Files/FBLazyVector/FBLazyVector.xcconfig: unable to open file (in target "FBLazyVector" in project "Pods") (in target 'FBLazyVector' from project 'Pods')
error: /Users/utkarsh/Desktop/headout/ReactNativeOne/ios/Pods/Target Support Files/ReactCommon/ReactCommon.xcconfig: unable to open file (in target "ReactCommon" in project "Pods") (in target 'ReactCommon' from project 'Pods')
error: /Users/utkarsh/Desktop/headout/ReactNativeOne/ios/Pods/Target Support Files/ReactCommon/ReactCommon.xcconfig: unable to open file (in target "ReactCommon" in project "Pods") (in target 'ReactCommon' from project 'Pods')
error: /Users/utkarsh/Desktop/headout/ReactNativeOne/ios/Pods/Target Support Files/ReactCommon/ReactCommon.xcconfig: unable to open file (in target "ReactCommon" in project "Pods") (in target 'ReactCommon' from project 'Pods')
error: /Users/utkarsh/Desktop/headout/ReactNativeOne/ios/Pods/Target Support Files/ReactCommon/ReactCommon.xcconfig: unable to open file (in target "ReactCommon" in project "Pods") (in target 'ReactCommon' from project 'Pods')
error: /Users/utkarsh/Desktop/headout/ReactNativeOne/ios/Pods/Target Support Files/React-RCTAnimation/React-RCTAnimation.xcconfig: unable to open file (in target "React-RCTAnimation" in project "Pods") (in target 'React-RCTAnimation' from project 'Pods')
error: /Users/utkarsh/Desktop/headout/ReactNativeOne/ios/Pods/Target Support Files/React-RCTAnimation/React-RCTAnimation.xcconfig: unable to open file (in target "React-RCTAnimation" in project "Pods") (in target 'React-RCTAnimation' from project 'Pods')
error: /Users/utkarsh/Desktop/headout/ReactNativeOne/ios/Pods/Target Support Files/React-RCTAnimation/React-RCTAnimation.xcconfig: unable to open file (in target "React-RCTAnimation" in project "Pods") (in target 'React-RCTAnimation' from project 'Pods')
error: /Users/utkarsh/Desktop/headout/ReactNativeOne/ios/Pods/Target Support Files/React-RCTAnimation/React-RCTAnimation.xcconfig: unable to open file (in target "React-RCTAnimation" in project "Pods") (in target 'React-RCTAnimation' from project 'Pods')
error: /Users/utkarsh/Desktop/headout/ReactNativeOne/ios/Pods/Target Support Files/RCTRequired/RCTRequired.xcconfig: unable to open file (in target "RCTRequired" in project "Pods") (in target 'RCTRequired' from project 'Pods')
error: /Users/utkarsh/Desktop/headout/ReactNativeOne/ios/Pods/Target Support Files/RCTRequired/RCTRequired.xcconfig: unable to open file (in target "RCTRequired" in project "Pods") (in target 'RCTRequired' from project 'Pods')
error: /Users/utkarsh/Desktop/headout/ReactNativeOne/ios/Pods/Target Support Files/RCTRequired/RCTRequired.xcconfig: unable to open file (in target "RCTRequired" in project "Pods") (in target 'RCTRequired' from project 'Pods')
error: /Users/utkarsh/Desktop/headout/ReactNativeOne/ios/Pods/Target Support Files/RCTRequired/RCTRequired.xcconfig: unable to open file (in target "RCTRequired" in project "Pods") (in target 'RCTRequired' from project 'Pods')
error: /Users/utkarsh/Desktop/headout/ReactNativeOne/ios/Pods/Target Support Files/React-RCTImage/React-RCTImage.xcconfig: unable to open file (in target "React-RCTImage" in project "Pods") (in target 'React-RCTImage' from project 'Pods')
error: /Users/utkarsh/Desktop/headout/ReactNativeOne/ios/Pods/Target Support Files/React-RCTImage/React-RCTImage.xcconfig: unable to open file (in target "React-RCTImage" in project "Pods") (in target 'React-RCTImage' from project 'Pods')
error: /Users/utkarsh/Desktop/headout/ReactNativeOne/ios/Pods/Target Support Files/React-RCTImage/React-RCTImage.xcconfig: unable to open file (in target "React-RCTImage" in project "Pods") (in target 'React-RCTImage' from project 'Pods')
error: /Users/utkarsh/Desktop/headout/ReactNativeOne/ios/Pods/Target Support Files/React-RCTImage/React-RCTImage.xcconfig: unable to open file (in target "React-RCTImage" in project "Pods") (in target 'React-RCTImage' from project 'Pods')
error: /Users/utkarsh/Desktop/headout/ReactNativeOne/ios/Pods/Target Support Files/React-RCTSettings/React-RCTSettings.xcconfig: unable to open file (in target "React-RCTSettings" in project "Pods") (in target 'React-RCTSettings' from project 'Pods')
error: /Users/utkarsh/Desktop/headout/ReactNativeOne/ios/Pods/Target Support Files/React-RCTSettings/React-RCTSettings.xcconfig: unable to open file (in target "React-RCTSettings" in project "Pods") (in target 'React-RCTSettings' from project 'Pods')
error: /Users/utkarsh/Desktop/headout/ReactNativeOne/ios/Pods/Target Support Files/React-RCTSettings/React-RCTSettings.xcconfig: unable to open file (in target "React-RCTSettings" in project "Pods") (in target 'React-RCTSettings' from project 'Pods')
error: /Users/utkarsh/Desktop/headout/ReactNativeOne/ios/Pods/Target Support Files/React-RCTSettings/React-RCTSettings.xcconfig: unable to open file (in target "React-RCTSettings" in project "Pods") (in target 'React-RCTSettings' from project 'Pods')
error: /Users/utkarsh/Desktop/headout/ReactNativeOne/ios/Pods/Target Support Files/React-CoreModules/React-CoreModules.xcconfig: unable to open file (in target "React-CoreModules" in project "Pods") (in target 'React-CoreModules' from project 'Pods')
error: /Users/utkarsh/Desktop/headout/ReactNativeOne/ios/Pods/Target Support Files/React-CoreModules/React-CoreModules.xcconfig: unable to open file (in target "React-CoreModules" in project "Pods") (in target 'React-CoreModules' from project 'Pods')
error: /Users/utkarsh/Desktop/headout/ReactNativeOne/ios/Pods/Target Support Files/React-CoreModules/React-CoreModules.xcconfig: unable to open file (in target "React-CoreModules" in project "Pods") (in target 'React-CoreModules' from project 'Pods')
error: /Users/utkarsh/Desktop/headout/ReactNativeOne/ios/Pods/Target Support Files/React-CoreModules/React-CoreModules.xcconfig: unable to open file (in target "React-CoreModules" in project "Pods") (in target 'React-CoreModules' from project 'Pods')
error: /Users/utkarsh/Desktop/headout/ReactNativeOne/ios/Pods/Target Support Files/React-jsiexecutor/React-jsiexecutor.xcconfig: unable to open file (in target "React-jsiexecutor" in project "Pods") (in target 'React-jsiexecutor' from project 'Pods')
error: /Users/utkarsh/Desktop/headout/ReactNativeOne/ios/Pods/Target Support Files/React-jsiexecutor/React-jsiexecutor.xcconfig: unable to open file (in target "React-jsiexecutor" in project "Pods") (in target 'React-jsiexecutor' from project 'Pods')
error: /Users/utkarsh/Desktop/headout/ReactNativeOne/ios/Pods/Target Support Files/React-jsiexecutor/React-jsiexecutor.xcconfig: unable to open file (in target "React-jsiexecutor" in project "Pods") (in target 'React-jsiexecutor' from project 'Pods')
error: /Users/utkarsh/Desktop/headout/ReactNativeOne/ios/Pods/Target Support Files/React-jsiexecutor/React-jsiexecutor.xcconfig: unable to open file (in target "React-jsiexecutor" in project "Pods") (in target 'React-jsiexecutor' from project 'Pods')
error: /Users/utkarsh/Desktop/headout/ReactNativeOne/ios/Pods/Target Support Files/Yoga/Yoga.xcconfig: unable to open file (in target "Yoga" in project "Pods") (in target 'Yoga' from project 'Pods')
error: /Users/utkarsh/Desktop/headout/ReactNativeOne/ios/Pods/Target Support Files/Yoga/Yoga.xcconfig: unable to open file (in target "Yoga" in project "Pods") (in target 'Yoga' from project 'Pods')
error: /Users/utkarsh/Desktop/headout/ReactNativeOne/ios/Pods/Target Support Files/Yoga/Yoga.xcconfig: unable to open file (in target "Yoga" in project "Pods") (in target 'Yoga' from project 'Pods')
error: /Users/utkarsh/Desktop/headout/ReactNativeOne/ios/Pods/Target Support Files/Yoga/Yoga.xcconfig: unable to open file (in target "Yoga" in project "Pods") (in target 'Yoga' from project 'Pods')
warning: Capabilities for Signing & Capabilities may not function correctly because its entitlements use a placeholder team ID. To resolve this, select a development team in the ReactNativeOne editor. (in target 'ReactNativeOne' from project 'ReactNativeOne')
error: /Users/utkarsh/Desktop/headout/ReactNativeOne/ios/Pods/Target Support Files/React-RCTActionSheet/React-RCTActionSheet.xcconfig: unable to open file (in target "React-RCTActionSheet" in project "Pods") (in target 'React-RCTActionSheet' from project 'Pods')
error: /Users/utkarsh/Desktop/headout/ReactNativeOne/ios/Pods/Target Support Files/React-RCTActionSheet/React-RCTActionSheet.xcconfig: unable to open file (in target "React-RCTActionSheet" in project "Pods") (in target 'React-RCTActionSheet' from project 'Pods')
error: /Users/utkarsh/Desktop/headout/ReactNativeOne/ios/Pods/Target Support Files/React-RCTActionSheet/React-RCTActionSheet.xcconfig: unable to open file (in target "React-RCTActionSheet" in project "Pods") (in target 'React-RCTActionSheet' from project 'Pods')
error: /Users/utkarsh/Desktop/headout/ReactNativeOne/ios/Pods/Target Support Files/React-RCTActionSheet/React-RCTActionSheet.xcconfig: unable to open file (in target "React-RCTActionSheet" in project "Pods") (in target 'React-RCTActionSheet' from project 'Pods')
error: /Users/utkarsh/Desktop/headout/ReactNativeOne/ios/Pods/Target Support Files/React-jsi/React-jsi.xcconfig: unable to open file (in target "React-jsi" in project "Pods") (in target 'React-jsi' from project 'Pods')
error: /Users/utkarsh/Desktop/headout/ReactNativeOne/ios/Pods/Target Support Files/React-jsi/React-jsi.xcconfig: unable to open file (in target "React-jsi" in project "Pods") (in target 'React-jsi' from project 'Pods')
error: /Users/utkarsh/Desktop/headout/ReactNativeOne/ios/Pods/Target Support Files/React-jsi/React-jsi.xcconfig: unable to open file (in target "React-jsi" in project "Pods") (in target 'React-jsi' from project 'Pods')
error: /Users/utkarsh/Desktop/headout/ReactNativeOne/ios/Pods/Target Support Files/React-jsi/React-jsi.xcconfig: unable to open file (in target "React-jsi" in project "Pods") (in target 'React-jsi' from project 'Pods')
error: /Users/utkarsh/Desktop/headout/ReactNativeOne/ios/Pods/Target Support Files/React-jsinspector/React-jsinspector.xcconfig: unable to open file (in target "React-jsinspector" in project "Pods") (in target 'React-jsinspector' from project 'Pods')
error: /Users/utkarsh/Desktop/headout/ReactNativeOne/ios/Pods/Target Support Files/React-jsinspector/React-jsinspector.xcconfig: unable to open file (in target "React-jsinspector" in project "Pods") (in target 'React-jsinspector' from project 'Pods')
error: /Users/utkarsh/Desktop/headout/ReactNativeOne/ios/Pods/Target Support Files/React-jsinspector/React-jsinspector.xcconfig: unable to open file (in target "React-jsinspector" in project "Pods") (in target 'React-jsinspector' from project 'Pods')
error: /Users/utkarsh/Desktop/headout/ReactNativeOne/ios/Pods/Target Support Files/React-jsinspector/React-jsinspector.xcconfig: unable to open file (in target "React-jsinspector" in project "Pods") (in target 'React-jsinspector' from project 'Pods')
error: /Users/utkarsh/Desktop/headout/ReactNativeOne/ios/Pods/Target Support Files/React-RCTBlob/React-RCTBlob.xcconfig: unable to open file (in target "React-RCTBlob" in project "Pods") (in target 'React-RCTBlob' from project 'Pods')
error: /Users/utkarsh/Desktop/headout/ReactNativeOne/ios/Pods/Target Support Files/React-RCTBlob/React-RCTBlob.xcconfig: unable to open file (in target "React-RCTBlob" in project "Pods") (in target 'React-RCTBlob' from project 'Pods')
error: /Users/utkarsh/Desktop/headout/ReactNativeOne/ios/Pods/Target Support Files/React-RCTBlob/React-RCTBlob.xcconfig: unable to open file (in target "React-RCTBlob" in project "Pods") (in target 'React-RCTBlob' from project 'Pods')
error: /Users/utkarsh/Desktop/headout/ReactNativeOne/ios/Pods/Target Support Files/React-RCTBlob/React-RCTBlob.xcconfig: unable to open file (in target "React-RCTBlob" in project "Pods") (in target 'React-RCTBlob' from project 'Pods')
error: /Users/utkarsh/Desktop/headout/ReactNativeOne/ios/Pods/Target Support Files/React-cxxreact/React-cxxreact.xcconfig: unable to open file (in target "React-cxxreact" in project "Pods") (in target 'React-cxxreact' from project 'Pods')
error: /Users/utkarsh/Desktop/headout/ReactNativeOne/ios/Pods/Target Support Files/React-cxxreact/React-cxxreact.xcconfig: unable to open file (in target "React-cxxreact" in project "Pods") (in target 'React-cxxreact' from project 'Pods')
error: /Users/utkarsh/Desktop/headout/ReactNativeOne/ios/Pods/Target Support Files/React-cxxreact/React-cxxreact.xcconfig: unable to open file (in target "React-cxxreact" in project "Pods") (in target 'React-cxxreact' from project 'Pods')
error: /Users/utkarsh/Desktop/headout/ReactNativeOne/ios/Pods/Target Support Files/React-cxxreact/React-cxxreact.xcconfig: unable to open file (in target "React-cxxreact" in project "Pods") (in target 'React-cxxreact' from project 'Pods')
error: /Users/utkarsh/Desktop/headout/ReactNativeOne/ios/Pods/Target Support Files/React-RCTLinking/React-RCTLinking.xcconfig: unable to open file (in target "React-RCTLinking" in project "Pods") (in target 'React-RCTLinking' from project 'Pods')
error: /Users/utkarsh/Desktop/headout/ReactNativeOne/ios/Pods/Target Support Files/React-RCTLinking/React-RCTLinking.xcconfig: unable to open file (in target "React-RCTLinking" in project "Pods") (in target 'React-RCTLinking' from project 'Pods')
error: /Users/utkarsh/Desktop/headout/ReactNativeOne/ios/Pods/Target Support Files/React-RCTLinking/React-RCTLinking.xcconfig: unable to open file (in target "React-RCTLinking" in project "Pods") (in target 'React-RCTLinking' from project 'Pods')
error: /Users/utkarsh/Desktop/headout/ReactNativeOne/ios/Pods/Target Support Files/React-RCTLinking/React-RCTLinking.xcconfig: unable to open file (in target "React-RCTLinking" in project "Pods") (in target 'React-RCTLinking' from project 'Pods')
error: /Users/utkarsh/Desktop/headout/ReactNativeOne/ios/Pods/Target Support Files/React-RCTText/React-RCTText.xcconfig: unable to open file (in target "React-RCTText" in project "Pods") (in target 'React-RCTText' from project 'Pods')
error: /Users/utkarsh/Desktop/headout/ReactNativeOne/ios/Pods/Target Support Files/React-RCTText/React-RCTText.xcconfig: unable to open file (in target "React-RCTText" in project "Pods") (in target 'React-RCTText' from project 'Pods')
error: /Users/utkarsh/Desktop/headout/ReactNativeOne/ios/Pods/Target Support Files/React-RCTText/React-RCTText.xcconfig: unable to open file (in target "React-RCTText" in project "Pods") (in target 'React-RCTText' from project 'Pods')
error: /Users/utkarsh/Desktop/headout/ReactNativeOne/ios/Pods/Target Support Files/React-RCTText/React-RCTText.xcconfig: unable to open file (in target "React-RCTText" in project "Pods") (in target 'React-RCTText' from project 'Pods')
error: /Users/utkarsh/Desktop/headout/ReactNativeOne/ios/Pods/Target Support Files/React-RCTNetwork/React-RCTNetwork.xcconfig: unable to open file (in target "React-RCTNetwork" in project "Pods") (in target 'React-RCTNetwork' from project 'Pods')
error: /Users/utkarsh/Desktop/headout/ReactNativeOne/ios/Pods/Target Support Files/React-RCTNetwork/React-RCTNetwork.xcconfig: unable to open file (in target "React-RCTNetwork" in project "Pods") (in target 'React-RCTNetwork' from project 'Pods')
error: /Users/utkarsh/Desktop/headout/ReactNativeOne/ios/Pods/Target Support Files/React-RCTNetwork/React-RCTNetwork.xcconfig: unable to open file (in target "React-RCTNetwork" in project "Pods") (in target 'React-RCTNetwork' from project 'Pods')
error: /Users/utkarsh/Desktop/headout/ReactNativeOne/ios/Pods/Target Support Files/React-RCTNetwork/React-RCTNetwork.xcconfig: unable to open file (in target "React-RCTNetwork" in project "Pods") (in target 'React-RCTNetwork' from project 'Pods')


** BUILD FAILED **


info Visit https://yarnpkg.com/en/docs/cli/run for documentation about this command.
